<?xml version="1.0" encoding="UTF-8"?>
<!-- Generated by org.testng.reporters.JUnitReportReporter -->
<testsuite hostname="DESKTOP-HKO44J3" failures="0" tests="2" name="com.entrata.automation.tests.DownloadGuide" time="43.673" errors="0" timestamp="2025-07-04T23:23:20 IST" skipped="0">
  <testcase classname="com.entrata.automation.tests.DownloadGuide" name="testDownloadGuideForm" time="22.158"/>
  <testcase classname="com.entrata.automation.tests.DownloadGuide" name="testDownloadGuideForm" time="21.515"/>
</testsuite> <!-- com.entrata.automation.tests.DownloadGuide -->
